Flow report for ADC
Mon Jan 15 15:35:36 2018
Quartus II 64-Bit Version 13.1.0 Build 162 10/23/2013 SJ Full Version


---------------------
; Table of Contents ;
---------------------
  1. Legal Notice
  2. Flow Summary
  3. Flow Settings
  4. Flow Non-Default Global Settings
  5. Flow Elapsed Time
  6. Flow OS Summary
  7. Flow Log
  8. Flow Messages
  9. Flow Suppressed Messages



----------------
; Legal Notice ;
----------------
Copyright (C) 1991-2013 Altera Corporation
Your use of Altera Corporation's design tools, logic functions 
and other software and tools, and its AMPP partner logic 
functions, and any output files from any of the foregoing 
(including device programming or simulation files), and any 
associated documentation or information are expressly subject 
to the terms and conditions of the Altera Program License 
Subscription Agreement, Altera MegaCore Function License 
Agreement, or other applicable license agreement, including, 
without limitation, that your use is for the sole purpose of 
programming logic devices manufactured by Altera and sold by 
Altera or its authorized distributors.  Please refer to the 
applicable agreement for further details.



+----------------------------------------------------------------------------------+
; Flow Summary                                                                     ;
+------------------------------------+---------------------------------------------+
; Flow Status                        ; Flow Failed - Mon Jan 15 15:35:36 2018      ;
; Quartus II 64-Bit Version          ; 13.1.0 Build 162 10/23/2013 SJ Full Version ;
; Revision Name                      ; ADC                                         ;
; Top-level Entity Name              ; LTC1744_T01_TOP                             ;
; Family                             ; Cyclone IV E                                ;
; Device                             ; EP4CE6E22C8                                 ;
; Timing Models                      ; Final                                       ;
; Total logic elements               ; 1,802 / 6,272 ( 29 % )                      ;
;     Total combinational functions  ; 1,208 / 6,272 ( 19 % )                      ;
;     Dedicated logic registers      ; 1,277 / 6,272 ( 20 % )                      ;
; Total registers                    ; 1277                                        ;
; Total pins                         ; 73 / 92 ( 79 % )                            ;
; Total virtual pins                 ; 0                                           ;
; Total memory bits                  ; 180,224 / 276,480 ( 65 % )                  ;
; Embedded Multiplier 9-bit elements ; 0 / 30 ( 0 % )                              ;
; Total PLLs                         ; 1 / 2 ( 50 % )                              ;
+------------------------------------+---------------------------------------------+


+-----------------------------------------+
; Flow Settings                           ;
+-------------------+---------------------+
; Option            ; Setting             ;
+-------------------+---------------------+
; Start date & time ; 01/15/2018 11:17:49 ;
; Main task         ; Compilation         ;
; Revision Name     ; ADC                 ;
+-------------------+---------------------+


+---------------------------------------------------------------------------------------------------------------------------+
; Flow Non-Default Global Settings                                                                                          ;
+--------------------------------------+---------------------------------+---------------+-----------------+----------------+
; Assignment Name                      ; Value                           ; Default Value ; Entity Name     ; Section Id     ;
+--------------------------------------+---------------------------------+---------------+-----------------+----------------+
; COMPILER_SIGNATURE_ID                ; 132571089028147.151598626904528 ; --            ; --              ; --             ;
; EDA_DESIGN_INSTANCE_NAME             ; NA                              ; --            ; --              ; LTC1744_T01_tb ;
; EDA_NATIVELINK_SIMULATION_TEST_BENCH ; LTC1744_T01_tb                  ; --            ; --              ; eda_simulation ;
; EDA_OUTPUT_DATA_FORMAT               ; Verilog Hdl                     ; --            ; --              ; eda_simulation ;
; EDA_SIMULATION_TOOL                  ; ModelSim-Altera (Verilog)       ; <None>        ; --              ; --             ;
; EDA_TEST_BENCH_ENABLE_STATUS         ; TEST_BENCH_MODE                 ; --            ; --              ; eda_simulation ;
; EDA_TEST_BENCH_FILE                  ; ../testbench/LTC1744_T01_tb.v   ; --            ; --              ; LTC1744_T01_tb ;
; EDA_TEST_BENCH_MODULE_NAME           ; LTC1744_T01_tb                  ; --            ; --              ; LTC1744_T01_tb ;
; EDA_TEST_BENCH_NAME                  ; LTC1744_T01_tb                  ; --            ; --              ; eda_simulation ;
; EDA_TIME_SCALE                       ; 1 ps                            ; --            ; --              ; eda_simulation ;
; ENABLE_SIGNALTAP                     ; Off                             ; --            ; --              ; --             ;
; IP_TOOL_NAME                         ; ALTPLL                          ; --            ; --              ; --             ;
; IP_TOOL_NAME                         ; FIFO                            ; --            ; --              ; --             ;
; IP_TOOL_NAME                         ; RAM: 1-PORT                     ; --            ; --              ; --             ;
; IP_TOOL_VERSION                      ; 13.1                            ; --            ; --              ; --             ;
; IP_TOOL_VERSION                      ; 13.1                            ; --            ; --              ; --             ;
; IP_TOOL_VERSION                      ; 13.1                            ; --            ; --              ; --             ;
; MAX_CORE_JUNCTION_TEMP               ; 85                              ; --            ; --              ; --             ;
; MIN_CORE_JUNCTION_TEMP               ; 0                               ; --            ; --              ; --             ;
; MISC_FILE                            ; pll_200_inst.v                  ; --            ; --              ; --             ;
; MISC_FILE                            ; pll_200_bb.v                    ; --            ; --              ; --             ;
; MISC_FILE                            ; pll_200.ppf                     ; --            ; --              ; --             ;
; MISC_FILE                            ; ip/dpram_inst.v                 ; --            ; --              ; --             ;
; MISC_FILE                            ; ip/dpram_bb.v                   ; --            ; --              ; --             ;
; MISC_FILE                            ; ip/ram_1port_bb.v               ; --            ; --              ; --             ;
; OUTPUT_IO_TIMING_FAR_END_VMEAS       ; Half Signal Swing               ; --            ; --              ; --             ;
; OUTPUT_IO_TIMING_FAR_END_VMEAS       ; Half Signal Swing               ; --            ; --              ; --             ;
; OUTPUT_IO_TIMING_NEAR_END_VMEAS      ; Half Vccio                      ; --            ; --              ; --             ;
; OUTPUT_IO_TIMING_NEAR_END_VMEAS      ; Half Vccio                      ; --            ; --              ; --             ;
; PARTITION_COLOR                      ; 16764057                        ; --            ; LTC1744_T01_TOP ; Top            ;
; PARTITION_FITTER_PRESERVATION_LEVEL  ; PLACEMENT_AND_ROUTING           ; --            ; LTC1744_T01_TOP ; Top            ;
; PARTITION_NETLIST_TYPE               ; SOURCE                          ; --            ; LTC1744_T01_TOP ; Top            ;
; PROJECT_OUTPUT_DIRECTORY             ; output_files                    ; --            ; --              ; --             ;
; TOP_LEVEL_ENTITY                     ; LTC1744_T01_TOP                 ; ADC           ; --              ; --             ;
; USE_SIGNALTAP_FILE                   ; stp1.stp                        ; --            ; --              ; --             ;
+--------------------------------------+---------------------------------+---------------+-----------------+----------------+


+-------------------------------------------------------------------------------------------------------------------------------+
; Flow Elapsed Time                                                                                                             ;
+---------------------------+--------------+-------------------------+---------------------+------------------------------------+
; Module Name               ; Elapsed Time ; Average Processors Used ; Peak Virtual Memory ; Total CPU Time (on all processors) ;
+---------------------------+--------------+-------------------------+---------------------+------------------------------------+
; Analysis & Synthesis      ; 00:00:14     ; 1.0                     ; 496 MB              ; 00:00:14                           ;
; Fitter                    ; 00:00:13     ; 1.2                     ; 959 MB              ; 00:00:15                           ;
; Assembler                 ; 00:00:01     ; 1.0                     ; 448 MB              ; 00:00:02                           ;
; TimeQuest Timing Analyzer ; 00:00:04     ; 1.0                     ; 503 MB              ; 00:00:04                           ;
; EDA Netlist Writer        ; 00:00:03     ; 1.0                     ; 416 MB              ; 00:00:03                           ;
; Analysis & Synthesis      ; 00:00:23     ; 1.2                     ; 570 MB              ; 00:00:25                           ;
; Partition Merge           ; 00:00:02     ; 1.0                     ; 475 MB              ; 00:00:02                           ;
; Fitter                    ; 00:00:12     ; 1.2                     ; 964 MB              ; 00:00:13                           ;
; Assembler                 ; 00:00:02     ; 1.0                     ; 459 MB              ; 00:00:02                           ;
; TimeQuest Timing Analyzer ; 00:00:04     ; 1.0                     ; 533 MB              ; 00:00:04                           ;
; EDA Netlist Writer        ; 00:00:04     ; 1.0                     ; 440 MB              ; 00:00:04                           ;
; Analysis & Synthesis      ; 00:00:16     ; 1.0                     ; 570 MB              ; 00:00:17                           ;
; Partition Merge           ; 00:00:02     ; 1.0                     ; 480 MB              ; 00:00:02                           ;
; Fitter                    ; 00:00:12     ; 1.3                     ; 971 MB              ; 00:00:13                           ;
; Assembler                 ; 00:00:02     ; 1.0                     ; 459 MB              ; 00:00:02                           ;
; TimeQuest Timing Analyzer ; 00:00:04     ; 1.0                     ; 527 MB              ; 00:00:04                           ;
; EDA Netlist Writer        ; 00:00:04     ; 1.0                     ; 440 MB              ; 00:00:04                           ;
; Analysis & Synthesis      ; 00:00:22     ; 1.2                     ; 574 MB              ; 00:00:25                           ;
; Partition Merge           ; 00:00:02     ; 1.0                     ; 480 MB              ; 00:00:02                           ;
; Fitter                    ; 00:00:07     ; 1.2                     ; 801 MB              ; 00:00:07                           ;
; Analysis & Synthesis      ; 00:00:22     ; 1.2                     ; 569 MB              ; 00:00:25                           ;
; Partition Merge           ; 00:00:02     ; 1.0                     ; 475 MB              ; 00:00:02                           ;
; Fitter                    ; 00:00:12     ; 1.2                     ; 970 MB              ; 00:00:13                           ;
; Assembler                 ; 00:00:02     ; 1.0                     ; 455 MB              ; 00:00:02                           ;
; TimeQuest Timing Analyzer ; 00:00:04     ; 1.0                     ; 520 MB              ; 00:00:04                           ;
; EDA Netlist Writer        ; 00:00:04     ; 1.0                     ; 440 MB              ; 00:00:04                           ;
; Analysis & Synthesis      ; 00:00:20     ; 1.0                     ; 570 MB              ; 00:00:19                           ;
; Partition Merge           ; 00:00:01     ; 1.0                     ; 479 MB              ; 00:00:02                           ;
; Fitter                    ; 00:00:12     ; 1.0                     ; 963 MB              ; 00:00:13                           ;
; Assembler                 ; 00:00:02     ; 1.0                     ; 459 MB              ; 00:00:02                           ;
; TimeQuest Timing Analyzer ; 00:00:04     ; 1.3                     ; 531 MB              ; 00:00:04                           ;
; EDA Netlist Writer        ; 00:00:04     ; 1.0                     ; 440 MB              ; 00:00:04                           ;
; Analysis & Synthesis      ; 00:00:29     ; 1.2                     ; 569 MB              ; 00:00:32                           ;
; Partition Merge           ; 00:00:02     ; 1.0                     ; 474 MB              ; 00:00:02                           ;
; Fitter                    ; 00:00:15     ; 1.0                     ; 959 MB              ; 00:00:18                           ;
; Assembler                 ; 00:00:03     ; 1.0                     ; 450 MB              ; 00:00:02                           ;
; TimeQuest Timing Analyzer ; 00:00:06     ; 1.2                     ; 514 MB              ; 00:00:07                           ;
; EDA Netlist Writer        ; 00:00:04     ; 1.0                     ; 440 MB              ; 00:00:04                           ;
; Analysis & Synthesis      ; 00:00:23     ; 1.2                     ; 569 MB              ; 00:00:25                           ;
; Partition Merge           ; 00:00:01     ; 1.0                     ; 490 MB              ; 00:00:02                           ;
; Fitter                    ; 00:00:07     ; 1.0                     ; 801 MB              ; 00:00:08                           ;
; Analysis & Synthesis      ; 00:00:21     ; 1.2                     ; 570 MB              ; 00:00:24                           ;
; Partition Merge           ; 00:00:02     ; 1.0                     ; 475 MB              ; 00:00:02                           ;
; Fitter                    ; 00:00:13     ; 1.3                     ; 958 MB              ; 00:00:13                           ;
; Assembler                 ; 00:00:02     ; 1.0                     ; 450 MB              ; 00:00:02                           ;
; TimeQuest Timing Analyzer ; 00:00:04     ; 1.0                     ; 513 MB              ; 00:00:04                           ;
; EDA Netlist Writer        ; 00:00:04     ; 1.0                     ; 440 MB              ; 00:00:04                           ;
; Analysis & Synthesis      ; 00:00:17     ; 1.0                     ; 570 MB              ; 00:00:17                           ;
; Partition Merge           ; 00:00:02     ; 1.0                     ; 479 MB              ; 00:00:02                           ;
; Fitter                    ; 00:00:04     ; 1.0                     ; 634 MB              ; 00:00:03                           ;
; Analysis & Synthesis      ; 00:00:17     ; 1.0                     ; 570 MB              ; 00:00:17                           ;
; Analysis & Synthesis      ; 00:00:17     ; 1.0                     ; 565 MB              ; 00:00:17                           ;
; Partition Merge           ; 00:00:02     ; 1.0                     ; 475 MB              ; 00:00:02                           ;
; Fitter                    ; 00:00:03     ; 1.0                     ; 634 MB              ; 00:00:03                           ;
; Analysis & Synthesis      ; 00:00:18     ; 1.0                     ; 570 MB              ; 00:00:18                           ;
; Partition Merge           ; 00:00:02     ; 1.0                     ; 475 MB              ; 00:00:02                           ;
; Fitter                    ; 00:00:03     ; 1.0                     ; 634 MB              ; 00:00:03                           ;
; Analysis & Synthesis      ; 00:00:18     ; 1.0                     ; 578 MB              ; 00:00:17                           ;
; Partition Merge           ; 00:00:01     ; 1.0                     ; 480 MB              ; 00:00:02                           ;
; Fitter                    ; 00:00:03     ; 1.0                     ; 634 MB              ; 00:00:03                           ;
; Total                     ; 00:08:05     ; --                      ; --                  ; 00:08:33                           ;
+---------------------------+--------------+-------------------------+---------------------+------------------------------------+


+----------------------------------------------------------------------------------------+
; Flow OS Summary                                                                        ;
+---------------------------+------------------+-----------+------------+----------------+
; Module Name               ; Machine Hostname ; OS Name   ; OS Version ; Processor type ;
+---------------------------+------------------+-----------+------------+----------------+
; Analysis & Synthesis      ; chunhou-PC       ; Windows 7 ; 6.1        ; x86_64         ;
; Fitter                    ; chunhou-PC       ; Windows 7 ; 6.1        ; x86_64         ;
; Assembler                 ; chunhou-PC       ; Windows 7 ; 6.1        ; x86_64         ;
; TimeQuest Timing Analyzer ; chunhou-PC       ; Windows 7 ; 6.1        ; x86_64         ;
; EDA Netlist Writer        ; chunhou-PC       ; Windows 7 ; 6.1        ; x86_64         ;
; Analysis & Synthesis      ; chunhou-PC       ; Windows 7 ; 6.1        ; x86_64         ;
; Partition Merge           ; chunhou-PC       ; Windows 7 ; 6.1        ; x86_64         ;
; Fitter                    ; chunhou-PC       ; Windows 7 ; 6.1        ; x86_64         ;
; Assembler                 ; chunhou-PC       ; Windows 7 ; 6.1        ; x86_64         ;
; TimeQuest Timing Analyzer ; chunhou-PC       ; Windows 7 ; 6.1        ; x86_64         ;
; EDA Netlist Writer        ; chunhou-PC       ; Windows 7 ; 6.1        ; x86_64         ;
; Analysis & Synthesis      ; chunhou-PC       ; Windows 7 ; 6.1        ; x86_64         ;
; Partition Merge           ; chunhou-PC       ; Windows 7 ; 6.1        ; x86_64         ;
; Fitter                    ; chunhou-PC       ; Windows 7 ; 6.1        ; x86_64         ;
; Assembler                 ; chunhou-PC       ; Windows 7 ; 6.1        ; x86_64         ;
; TimeQuest Timing Analyzer ; chunhou-PC       ; Windows 7 ; 6.1        ; x86_64         ;
; EDA Netlist Writer        ; chunhou-PC       ; Windows 7 ; 6.1        ; x86_64         ;
; Analysis & Synthesis      ; chunhou-PC       ; Windows 7 ; 6.1        ; x86_64         ;
; Partition Merge           ; chunhou-PC       ; Windows 7 ; 6.1        ; x86_64         ;
; Fitter                    ; chunhou-PC       ; Windows 7 ; 6.1        ; x86_64         ;
; Analysis & Synthesis      ; chunhou-PC       ; Windows 7 ; 6.1        ; x86_64         ;
; Partition Merge           ; chunhou-PC       ; Windows 7 ; 6.1        ; x86_64         ;
; Fitter                    ; chunhou-PC       ; Windows 7 ; 6.1        ; x86_64         ;
; Assembler                 ; chunhou-PC       ; Windows 7 ; 6.1        ; x86_64         ;
; TimeQuest Timing Analyzer ; chunhou-PC       ; Windows 7 ; 6.1        ; x86_64         ;
; EDA Netlist Writer        ; chunhou-PC       ; Windows 7 ; 6.1        ; x86_64         ;
; Analysis & Synthesis      ; chunhou-PC       ; Windows 7 ; 6.1        ; x86_64         ;
; Partition Merge           ; chunhou-PC       ; Windows 7 ; 6.1        ; x86_64         ;
; Fitter                    ; chunhou-PC       ; Windows 7 ; 6.1        ; x86_64         ;
; Assembler                 ; chunhou-PC       ; Windows 7 ; 6.1        ; x86_64         ;
; TimeQuest Timing Analyzer ; chunhou-PC       ; Windows 7 ; 6.1        ; x86_64         ;
; EDA Netlist Writer        ; chunhou-PC       ; Windows 7 ; 6.1        ; x86_64         ;
; Analysis & Synthesis      ; chunhou-PC       ; Windows 7 ; 6.1        ; x86_64         ;
; Partition Merge           ; chunhou-PC       ; Windows 7 ; 6.1        ; x86_64         ;
; Fitter                    ; chunhou-PC       ; Windows 7 ; 6.1        ; x86_64         ;
; Assembler                 ; chunhou-PC       ; Windows 7 ; 6.1        ; x86_64         ;
; TimeQuest Timing Analyzer ; chunhou-PC       ; Windows 7 ; 6.1        ; x86_64         ;
; EDA Netlist Writer        ; chunhou-PC       ; Windows 7 ; 6.1        ; x86_64         ;
; Analysis & Synthesis      ; chunhou-PC       ; Windows 7 ; 6.1        ; x86_64         ;
; Partition Merge           ; chunhou-PC       ; Windows 7 ; 6.1        ; x86_64         ;
; Fitter                    ; chunhou-PC       ; Windows 7 ; 6.1        ; x86_64         ;
; Analysis & Synthesis      ; chunhou-PC       ; Windows 7 ; 6.1        ; x86_64         ;
; Partition Merge           ; chunhou-PC       ; Windows 7 ; 6.1        ; x86_64         ;
; Fitter                    ; chunhou-PC       ; Windows 7 ; 6.1        ; x86_64         ;
; Assembler                 ; chunhou-PC       ; Windows 7 ; 6.1        ; x86_64         ;
; TimeQuest Timing Analyzer ; chunhou-PC       ; Windows 7 ; 6.1        ; x86_64         ;
; EDA Netlist Writer        ; chunhou-PC       ; Windows 7 ; 6.1        ; x86_64         ;
; Analysis & Synthesis      ; chunhou-PC       ; Windows 7 ; 6.1        ; x86_64         ;
; Partition Merge           ; chunhou-PC       ; Windows 7 ; 6.1        ; x86_64         ;
; Fitter                    ; chunhou-PC       ; Windows 7 ; 6.1        ; x86_64         ;
; Analysis & Synthesis      ; chunhou-PC       ; Windows 7 ; 6.1        ; x86_64         ;
; Analysis & Synthesis      ; chunhou-PC       ; Windows 7 ; 6.1        ; x86_64         ;
; Partition Merge           ; chunhou-PC       ; Windows 7 ; 6.1        ; x86_64         ;
; Fitter                    ; chunhou-PC       ; Windows 7 ; 6.1        ; x86_64         ;
; Analysis & Synthesis      ; chunhou-PC       ; Windows 7 ; 6.1        ; x86_64         ;
; Partition Merge           ; chunhou-PC       ; Windows 7 ; 6.1        ; x86_64         ;
; Fitter                    ; chunhou-PC       ; Windows 7 ; 6.1        ; x86_64         ;
; Analysis & Synthesis      ; chunhou-PC       ; Windows 7 ; 6.1        ; x86_64         ;
; Partition Merge           ; chunhou-PC       ; Windows 7 ; 6.1        ; x86_64         ;
; Fitter                    ; chunhou-PC       ; Windows 7 ; 6.1        ; x86_64         ;
+---------------------------+------------------+-----------+------------+----------------+


------------
; Flow Log ;
------------
quartus_map --read_settings_files=on --write_settings_files=off ADC -c ADC
quartus_fit --read_settings_files=off --write_settings_files=off ADC -c ADC
quartus_asm --read_settings_files=off --write_settings_files=off ADC -c ADC
quartus_sta ADC -c ADC
quartus_eda --read_settings_files=off --write_settings_files=off ADC -c ADC
quartus_map --read_settings_files=on --write_settings_files=off ADC -c ADC
quartus_cdb --read_settings_files=off --write_settings_files=off ADC -c ADC --merge=on
quartus_fit --read_settings_files=off --write_settings_files=off ADC -c ADC
quartus_asm --read_settings_files=off --write_settings_files=off ADC -c ADC
quartus_sta ADC -c ADC
quartus_eda --read_settings_files=off --write_settings_files=off ADC -c ADC
quartus_map --read_settings_files=on --write_settings_files=off ADC -c ADC
quartus_cdb --read_settings_files=off --write_settings_files=off ADC -c ADC --merge=on
quartus_fit --read_settings_files=off --write_settings_files=off ADC -c ADC
quartus_asm --read_settings_files=off --write_settings_files=off ADC -c ADC
quartus_sta ADC -c ADC
quartus_eda --read_settings_files=off --write_settings_files=off ADC -c ADC
quartus_map --read_settings_files=on --write_settings_files=off ADC -c ADC
quartus_cdb --read_settings_files=off --write_settings_files=off ADC -c ADC --merge=on
quartus_fit --read_settings_files=off --write_settings_files=off ADC -c ADC
quartus_map --read_settings_files=on --write_settings_files=off ADC -c ADC
quartus_cdb --read_settings_files=off --write_settings_files=off ADC -c ADC --merge=on
quartus_fit --read_settings_files=off --write_settings_files=off ADC -c ADC
quartus_asm --read_settings_files=off --write_settings_files=off ADC -c ADC
quartus_sta ADC -c ADC
quartus_eda --read_settings_files=off --write_settings_files=off ADC -c ADC
quartus_map --read_settings_files=on --write_settings_files=off ADC -c ADC
quartus_cdb --read_settings_files=off --write_settings_files=off ADC -c ADC --merge=on
quartus_fit --read_settings_files=off --write_settings_files=off ADC -c ADC
quartus_asm --read_settings_files=off --write_settings_files=off ADC -c ADC
quartus_sta ADC -c ADC
quartus_eda --read_settings_files=off --write_settings_files=off ADC -c ADC
quartus_map --read_settings_files=on --write_settings_files=off ADC -c ADC
quartus_cdb --read_settings_files=off --write_settings_files=off ADC -c ADC --merge=on
quartus_fit --read_settings_files=off --write_settings_files=off ADC -c ADC
quartus_asm --read_settings_files=off --write_settings_files=off ADC -c ADC
quartus_sta ADC -c ADC
quartus_eda --read_settings_files=off --write_settings_files=off ADC -c ADC
quartus_map --read_settings_files=on --write_settings_files=off ADC -c ADC
quartus_cdb --read_settings_files=off --write_settings_files=off ADC -c ADC --merge=on
quartus_fit --read_settings_files=off --write_settings_files=off ADC -c ADC
quartus_map --read_settings_files=on --write_settings_files=off ADC -c ADC
quartus_cdb --read_settings_files=off --write_settings_files=off ADC -c ADC --merge=on
quartus_fit --read_settings_files=off --write_settings_files=off ADC -c ADC
quartus_asm --read_settings_files=off --write_settings_files=off ADC -c ADC
quartus_sta ADC -c ADC
quartus_eda --read_settings_files=off --write_settings_files=off ADC -c ADC
quartus_map --read_settings_files=on --write_settings_files=off ADC -c ADC
quartus_cdb --read_settings_files=off --write_settings_files=off ADC -c ADC --merge=on
quartus_fit --read_settings_files=off --write_settings_files=off ADC -c ADC
quartus_map --read_settings_files=on --write_settings_files=off ADC -c ADC
quartus_map --read_settings_files=on --write_settings_files=off ADC -c ADC
quartus_cdb --read_settings_files=off --write_settings_files=off ADC -c ADC --merge=on
quartus_fit --read_settings_files=off --write_settings_files=off ADC -c ADC
quartus_map --read_settings_files=on --write_settings_files=off ADC -c ADC
quartus_cdb --read_settings_files=off --write_settings_files=off ADC -c ADC --merge=on
quartus_fit --read_settings_files=off --write_settings_files=off ADC -c ADC
quartus_map --read_settings_files=on --write_settings_files=off ADC -c ADC
quartus_cdb --read_settings_files=off --write_settings_files=off ADC -c ADC --merge=on
quartus_fit --read_settings_files=off --write_settings_files=off ADC -c ADC



